[    0.0000] Linux version 4.15.0-47-generic (buildd@lgw01-amd64-001) (gcc version 7.3.0 (Ubuntu 7.3.0-16ubuntu3)) #50-Ubuntu SMP Wed Mar 13 10:44:52 UTC 2019 (Ubuntu 4.15.0-47.50-generic 4.15.18)
[    0.000000] Command line: BOOT_IMAGE=/boot/vmlinuz-4.15.0-47-generic root=LABEL=cloudimg-rootfs ro console=tty1 console=ttyS0
[    0.000000] KERNEL supported cpus:
[    0.000000]   Inel GenuineeIntel
[    0.000000]   AMD AuthenticAMD
[    0.000000]   Centaur CentaurHauls
[    0.000000] x86/fpu: Supporting XSAVE feature 0x001: 'x87 floating point registers'
[    0.000000] x86/fpu: Supporting XSAVE feature 0x002: 'SSE registers'
[    0.000000] x86/fpu: Supporting XSAVE feature 0x004: 'AVX registers'
[    0.000000] x86/fpu: xstate_offset[2]:  576, xstate_sizes[2]:  256
[    0.000000] x86/fpu: Enabled xstate features 0x7, context size is 832 bytes, using 'standard' format.
[    0.000000] e820: BIOS-provided physical RAM map:
[    0.000000] BIOS-e820: [mem 0x0000000000000000-0x000000000009fbff] usable
[    0.000000] BIOS-e820: [mem 0x000000000009fc00-0x000000000009ffff] reserved
[    0.00000] BIOS-e820: [mem 0x00000000000f0000-0x00000000000fffff] reserved
[    0.000000] BIOS-e820: [mem 0x0000000000100000-0x000000003ffeffff] usable
[    0.000000] BIOS-e820: [mem 0x000000003fff0000-0x0000003fffffff] ACPI data
[    0.000000] BIOS-e820: [mem 0x00000000fec00000-0x00000000fec00fff] reserved
[    0.000000] BIOS-e820: [mem 0x00000000fee00000-0x000000f00fff reserved
[    00000] BI-e20: [mem0x000000fffc0000-0x00000000ffffffff] reserved
[    0.000000] NX (Execute Disable) protection: active
[    0.000000] SMBIOS 2.5 present.
[    0.000000] DMI: innotek GmH irtualBox/irualBx, BIOS VirtualBox 121/2006
[   0.0000] Hypeviordetected:VM
[    00000] e820: last_pfn  03ff0 max_archpf = 0x400000000
[    0.000000] MTRR: Dibld
[    00000] x86/PAT: MTRRs disabled, skipping PAT initialization too.
[    0.000000] CPU MTRRs all blank - virtualized system.
[    0.000000] x86/PAT: Configuration [0-7]: WB  WT  UC- UC  WB  WT  UC- UC  
[    0.000000] found SMP MP-table at [mem 0x0009fff-0x0009ffff] mapped at [        (ptrval)]
[    0.000000] Scanning 1 areas for low memory corruption
[    0.000000] RAMDISK: [mem 0x35adf000-0x36d66fff]
[    0.000000] ACPI: Early table checkum verificationisabled
[    0.000000] ACPI: RSDP 0x00000000000E0000 000024 (v02 VBOX  )
[    0.000000] ACPI: XSDT 0x000000003FFF0030 00003C (v01 VBOX   VBOXSDT 00000001 ASL  00000061)
[    0.000000] ACPI: FACP 0x0000003FF00F0 0000F4 (4 BOOX   VBOFACP 0000000ASL  00006)
[    0.000000] ACPI: DSDT 0x000000003FFF0470 0021FF (v02 VBOX   VBOXBIOS 00000002 INTL 20100528)
[    0.000000] ACPI: FACS 0x000000003FFF0200 000040
[    0.000000] ACPI: FACS 0x000000003FFF0200 000040
[    0.000000] ACPI: AIC0x000000003FFF0240 00005C (v02VBOX   VBOXAPIC 00000001 ASL  00000061)
[    0.000000] ACPI: SSDT 0x000000003FFF02A0 0001CC (v01 VBOX   VBOXCPUT 00000002 INTL 20100528)
[    0.000000] No NUMA configuration found
[    0.000000] Faking a node at [mem 0x0000000000000000-0x000000003ffeffff]
[    0.000000] NODE_DATA(0) allocated [mem 0x3ffc5000-0x3ffeffff]
[   0.00000] kvmclck: cpu0, msr 0:34401, prmay pu clock
[   .00000] vmclck: Using msr4b64d01 and 4b564d00
   0.000000] kvm-clock: using sched offset of 4385454193 cycles
[    0.000000] clocksource: kvm-clock: mask: 0xffffffffffffffff max_cycles: 0x1cd42e4dffb, max_idle_ns: 881590591483 ns
[    0.000000] Zone ranges:
[    0.000000]   DMA      [mem 0x0000000000001000-0x0000000000ffffff]
[    0.000000]   DMA32    [mem 0x0000000001000000-0x00000003fefffff]
[  0000000]   Normal   empty
[    0.000000]   Dice   empty
[    0.00000] Movable zone start for each node
[    0.000000] Early memory node ranges
[    0.000000]   node   0: [mem 0x0000000000001000-0x000000000009efff]
[    0.00000]  nde   0 [em0x0000000000100000-0x000000003ffeffff]
[    0.000000] Reserved but unavailable: 114 pages
[    0.000000] Iitmem setup node 0 [mem 0x0000000000001000-0x000000003ffeffff]
[    0.000000 ACPI: PM-Tim IO Port: 0x4008
[    0.0000] OAPIC[: pic_id 2, rson 32,adres 0xfec00000, GSI 0-23
[    0.000000] ACPI: INT_SRC_OVR (bus 0 bus_irq 0 global_irq 2 dfl dfl)
[    0.000000] ACPI: INT_SRC_OVR (bus 0 bus_irq 9 global_irq 9 low level)
[    0.000000] Using ACPI (MADT) for SMP configuration information
[    0.000000] smpboot: Allowing 2 CPUs, 0 hotplug CPUs
[    0.000000] PM:Reistered noave emry: [m 000000000-0x00000fff]
[    0.000000] PM: Registered nosave memory: [mem 0x0009f000-0x0009ffff]
[    0.000000] PM: Registered nosave memory: [mem 0x000a0000-0x000effff]
[    0.000000] PM: Registered nosave memory: [mem 0x000f0000-0x000fffff]
[    0.000000] e820: [mem 0x40000000-0xfebfffff] available for PCI devices
[    0.000000] Booting paravirtualized kernel on KVM
[   0.00000] clocksource: refined-jiffies: mask: 0xffffffff max_cycles: 0xffffffff, max_idle_ns: 7645519600211568 ns
[    0.000000] random: get_anombytes aledfrom start_kene+099/0x4d wih rng_init=0
[   0.0000] seuppecpu: NCPUS:8192 nr_cpumask_bits:2 nr_cpu_ids:2 nr_node_ids:1
[    0.000000] percpu: Embedded 46 pages/cpu @        (ptrval) s151552 r8192 d28672 u1048576
[    0.000000] PV qspinlock hash table entries: 256 (order: 0, 4096 bytes)
[    0.000000] Built 1 zonelists, mobility grouping on.  Total pages: 257913
[    0.000000] Policy zone: DMA32
[    0.000000] Kernel command line: BOOT_IMAGE=/boot/vmlinuz-4.15.0-47-generic root=LABEL=cloudimg-rootfs ro console=tty1 console=ttyS0
[    0.000000] Memory: 983608K/1048120K available (12300K kernel code, 2473K rwdata, 4252K rodata, 2408K init, 2416K bss, 64512K reserved, 0K cma-reserved)
[    0.000000] SLUB: HWalign=64, Order=0-3, MinObjects=0, CPUs=2, Nodes=1
[    0.000000] Kernel/User page tables isolation: enabled
[    0.000000] ftrace: allocating 39206 entries in 154 pages
[    0.004000] Hierarchical RCU implementation.
[    0.004000] 	RCU restricting CPUs from NR_CPUS=8192 to nr_cpu_ids=2.
[    0.004000] 	Tasks RCU enabled.
[    0.004000] RCU: Adjusting geometry for rcu_fanout_leaf=16, nr_cpu_ids=2
[    0.004000] R_IRQS: 524544, nr_irqs: 440, preallocated irqs: 16
[    0.004000] nsle: colour A+ 80x25
[    0.00400] cnsle [tty1] abed
[   0.0400] console [ttyS0] enabled
[    0.004000] ACPI: Core revision 20170831
[    0.004000] ACPI: 2 ACPI AML tables successfully acqured andoaed
[   0.0000] APIC: Switch to symmetric I/O mode setup
[    0.004238] x2apic enabled
[    0.005293] Switched APIC routing to physical x2apic.
[    0.009113] ..TIMER: vector=0x30 apic1=0 pin1=2 apic2=-1 pin2=-1
[    0.012002] tsc: Detected 1607.999 MHz processor
[    0.016022] Calibrating delay loop (skipped) preset value.. 3215.99 BogoMIPS (lpj=6431996)
[    0.020004] pid_max: default: 32768 minimum: 301
[    0.021934] Security Framework initialized
[    0.024003] Yama: becoming mindful.
[    0.028026] AppArmor: AppArmor initialized
[    0.031000] Dentry cache hash table entries: 131072 (order: 8, 1048576 bytes)
[    0.032086] Inode-cache hash table entries: 65536 (order: 7, 524288 bytes)
[    0.036018] Mount-cache hash table entries: 2048 (order: 2, 16384 bytes)
[    0.040015] Mountpoint-cache hash table entries: 2048 (order: 2, 16384 bytes)
[    0.044248] mce: CPU supports 0 MCE banks
[    0.048017] Last level iTLB entries: 4KB 64, 2MB 8, 4MB 8
[    0.052003] Last level dTLB entries: 4KB 64, 2MB 0, 4MB 0, 1GB 4
[    0.054152] Spectre V2 : Mitigation: Full generic retpoline
[    0.056002] Spectre V2 : Spectre v2 / SpectreRSB mitigation: Filling RSB on context switch
[    0.060003] Speculative Store Bypass: Vulnerable
[    0.064096] Freeing SMP alternatives memory: 36K
[    0.072000] smpboot: CPU0: Intel(R) Core(TM) i5-8210Y CPU @ 1.60GHz (family: 0x6, model: 0x8e, stepping: 0x9)
[    0.072109] Performance Events: unsupported p6 CPU model 142 no PMU driver, software events only.
[    0.076032] Hierarchical SRCU implementation.
[    0.080542] NMI watchdog: Perf event create on CPU 0 failed with -2
[    0.084008] NMI watchdog: Perf NMI watchdog permanently disabled
[    0.088117] smp: Bringing up secondary CPUs ...
[    0.090306] x86: Booting SMP configuration:
[    0.092008] .... node  #0, CPUs:      #1
[    0.004000] kvm-clock: cpu 1, msr 0:3ff44041, secondary cpu clock
[    0.004000] mce: CPU supports 0 MCE banks
[    0.100037] smp: Brought up 1 node, 2 CPUs
[    0.101812] smpboot: Max logical packages: 1
[    0.104020] smpboot: Total of 2 processors activated (6431.99 BogoMIPS)
[    0.108064] devtmpfs: initialized
[    0.109294] x86/mm: Memory block size: 128MB
[    0.110679] evm: security.selinux
[    0.111682] evm: security.SMACK64
[    0.112008] evm: security.SMACK64EXEC
[    0.113419] evm: security.SMACK64TRANSMUTE
[    0.116007] evm: security.SMACK64MMAP
[    0.117933] evm: security.apparmor
[    0.119244] evm: security.ima
[    0.120006] evm: security.capability
[    0.121798] clocksource: jiffies: mask: 0xffffffff max_cycles: 0xffffffff, max_idle_ns: 7645041785100000 ns
[    0.124024] futex hash table entries: 512 (order: 3, 32768 bytes)
[    0.128088] pinctrl core: initialized pinctrl subsystem
[    0.132495] RTC time: 18:54:41, date: 04/15/19
[    0.136567] NET: Registered protocol family 16
[    0.140092] audit: initializing netlink subsys (disabled)
[    0.144043] audit: type=2000 audit(1555354482.204:1): state=initialized audit_enabled=0 res=1
[    0.148009] cpuidle: using governor ladder
[    0.152012] cpuidle: using governor menu
[    0.154009] ACPI: bus type PCI registered
[    0.156006] acpiphp: ACPI Hot Plug PCI Controller Driver version: 0.5
[    0.160225] PCI: Using configuration type 1 for base access
[    0.165788] HugeTLB registered 2.00 MiB page size, pre-allocated 0 pages
[    0.168453] ACPI: Added _OSI(Module Device)
[    0.172007] ACPI: Added _OSI(Processor Device)
[    0.176008] ACPI: Added _OSI(3.0 _SCP Extensions)
[    0.178231] ACPI: Added _OSI(Processor Aggregator Device)
[    0.180017] ACPI: Added _OSI(Linux-Dell-Video)
[    0.184020] ACPI: Added _OSI(Linux-Lenovo-NV-HDMI-Audio)
[    0.188021] ACPI: Added _OSI(Linux-HPI-Hybrid-Graphics)
[    0.192540] ACPI: Executed 1 blocks of module-level executable AML code
[    0.200753] ACPI: Interpreter enabled
[    0.204016] ACPI: (supports S0 S5)
[    0.208004] ACPI: Using IOAPIC for interrupt routing
[    0.212240] PCI: Using host bridge windows from ACPI; if necessary, use "pci=nocrs" and report a bug
[    0.216262] ACPI: Enabled 2 GPEs in block 00 to 07
[    0.229225] ACPI: PCI Root Bridge [PCI0] (domain 0000 [bus 00-ff])
[    0.231628] acpi PNP0A03:00: _OSC: OS supports [ASPM ClockPM Segments MSI]
[    0.232032] acpi PNP0A03:00: _OSC: not requesting OS control; OS requires [ExtendedConfig ASPM ClockPM MSI]
[    0.236016] acpi PNP0A03:00: fail to add MMCONFIG information, can't access extended PCI configuration space under this bridge.
[    0.240564] PCI host bridge to bus 0000:00
[    0.244005] pci_bus 0000:00: root bus resource [io  0x0000-0x0cf7 window]
[    0.248004] pci_bus 0000:00: root bus resource [io  0x0d00-0xffff window]
[    0.252005] pci_bus 0000:00: root bus resource [mem 0x000a0000-0x000bffff window]
[    0.256005] pci_bus 0000:00: root bus resource [mem 0x40000000-0xfdffffff window]
[    0.260005] pci_bus 0000:00: root bus resource [bus 00-ff]
[    0.272041] pci 0000:00:01.1: legacy IDE quirk: reg 0x10: [io  0x01f0-0x01f7]
[    0.276004] pci 0000:00:01.1: legacy IDE quirk: reg 0x14: [io  0x03f6]
[    0.280004] pci 0000:00:01.1: legacy IDE quirk: reg 0x18: [io  0x0170-0x0177]
[    0.284004] pci 0000:00:01.1: legacy IDE quirk: reg 0x1c: [io  0x0376]
[    0.310504] pci 0000:00:07.0: quirk: [io  0x4000-0x403f] claimed by PIIX4 ACPI
[    0.312028] pci 0000:00:07.0: quirk: [io  0x4100-0x410f] claimed by PIIX4 SMB
[    0.330580] ACPI: PCI Interrupt Link [LNKA] (IRQs 5 9 10 *11)
[    0.332372] ACPI: PCI Interrupt Link [LNKB] (IRQs 5 9 *10 11)
[    0.336177] ACPI: PCI Interrupt Link [LNKC] (IRQs 5 *9 10 11)
[    0.340178] ACPI: PCI Interrupt Link [LNKD] (IRQs 5 9 10 *11)
[    0.344467] SCSI subsystem initialized
[    0.348067] pci 0000:00:02.0: vgaarb: setting as boot VGA device
[    0.352000] pci 0000:00:02.0: vgaarb: VGA device added: decodes=io+mem,owns=io+mem,locks=none
[    0.352012] pci 0000:00:02.0: vgaarb: bridge control possible
[    0.356003] vgaarb: loaded
[    0.360059] ACPI: bus type USB registered
[    0.364029] usbcore: registered new interface driver usbfs
[    0.368015] usbcore: registered new interface driver hub
[    0.372030] usbcore: registered new device driver usb
[    0.376080] EDAC MC: Ver: 3.0.0
[    0.380436] PCI: Using ACPI for IRQ routing
[    0.384542] NetLabel: Initializing
[    0.388003] NetLabel:  domain hash size = 128
[    0.392002] NetLabel:  protocols = UNLABELED CIPSOv4 CALIPSO
[    0.396021] NetLabel:  unlabeled traffic allowed by default
[    0.400099] clocksource: Switched to clocksource kvm-clock
[    0.421705] VFS: Disk quotas dquot_6.6.0
[    0.429063] VFS: Dquot-cache hash table entries: 512 (order 0, 4096 bytes)
[    0.431612] AppArmor: AppArmor Filesystem Enabled
[    0.433383] pnp: PnP ACPI init
[  036164] pnp: PnP ACPI: found 3 devices

[    0.566216] clocksource: acpi_pm: mask: 0xffffff max_cycles: 0xffffff, max_idle_ns: 2085701024 ns
[    0.571366] NET: Registered protocol family 2
[    0.576923] TCP established hash table entries: 8192 (order: 4, 65536 bytes)
[    0.581391] TCP bind hash table entries: 8192 (order: 5, 131072 bytes)
[    0.585146] TCP: Hash tables configured (established 8192 bind 8192)
[    0.588847] UDP hash table entries: 512 (order: 2, 16384 bytes)
[   0.592392] P-it hshtaleenris:51 (rdr:2,1684byes
    1.0455] ET: egstre potco fmiy 1
   13638] ci000:0:0.: imiting direct PCI/PCI transfers
[    1.630170] pci 0000:00:01.0: Activating ISA DMA hang workarounds
[    1.632800] pci 0000:00:02.0: Video device with shadowed ROM at [mem 0x000c0000-0x000dffff]
[    1.636335] Unpacking initramfs...

[    1.954787] Freeing initrd memory: 18976K
[    1.978043] platform rtc_cmos: registered platform RTC device (no PNP device found)
[    1.981825] Scanning for low memory corruption every 60 seconds
[    1.984702] Initialise system trusted keyrings
[    2.016818] Key type blacklist registered
[    2.019711] workingset: timestamp_bits=36 max_order=18 bucket_order=0
[    2.076806] zbud: loaded
[    2.078439] squashfs: version 4.0 (2009/01/31) Phillip Lougher
[    2.103257] fuse init (API version 7.26)
[    2.114310] Key type asymmetric registered
[    2.115515] Asymmetric key parser 'x509' registered
[    2.117022] Block layer SCSI generic (bsg) driver version 0.4 loaded (major 246)
[    2.119225] io scheduler noop registered
[    2.126467] io scheduler deadline registered
[    2.163710] io scheduler cfq registered (default)
[    2.194678] ACPI: AC Adapter [AC] (off-line)
[    2.201951] input: Power Button as /devices/LNXSYSTM:00/LNXPWRBN:00/input/input0
[    2.211526] ACPI: Power Button [PWRF]
[    2.218622] input: Sleep Button as /devices/LNXSYSTM:00/LNXSLPBN:00/input/input1
[    2.225540] ACPI: Sleep Button [SLPF]
[    2.228737] ACPI: Battery Slot [BAT0] (battery present)
[    2.271779] Serial: 8250/16550 driver, 32 ports, IRQ sharing enabled
[    2.300195]0002: ttyS0 at I/O 0x3f8 (irq = 4, base_baud = 115200) is a 16550A
[    2.369121] Linux agpgart interface v0.103
[    2.372076] loop: module loaded
[    2.373652] scsi host0: ata_piix
[    2.374862] scsi host1: ata_piix
[    2.375874] ata1: PATA max UDMA/33 cmd 0x1f0 ctl 0x3f6 bmdma 0xd000 irq 14
[    2.377876] ata2: PATA max UDMA/33 cmd 0x170 ctl 0x376 bmdma 0xd008 irq 15
[    2.379854] libphy: Fixed MDIO Bus: probed
[    2.381345] tun: Universal TUN/TAP device driver, 1.6
[    2.383098] PPP generic driver version 2.4.2
[    2.384599] ehci_hcd: USB 2.0 'Enhanced' Host Controller (EHCI) Driver
[    2.386407] ehci-pci: EHCI PCI platform driver
[    2.387690] ehci-platform: EHCI generic platform driver
[    2.389478] ohci_hcd: USB 1.1 'Open' Host Controller (OHCI) Driver
[    2.391207] ohci-pci: OHCI PCI platform driver
[    2.392549] ohci-platform: OHCI generic platform driver
[    2.394019] uhci_hcd: USB Universal Host Controller Interface driver
[    2.412838] i8042: PNP: PS/2 Controller [PNP0303:PS2K,PNP0f03:PS2M] at 0x60,0x64 irq 1,12
[    2.472623] serio: i8042 KBD port at 0x60,0x64 irq 1
[    2.507755] serio: i8042 AUX port at 0x60,0x64 irq 12
[    2.529552] mousedev: PS/2 mouse device common for all mice
[    2.551372] rtc_cmos rtc_cmos: rtc core: registered rtc_cmos as rtc0
[    2.623810] rtc_cmos rtc_cmos: alarms up to one day, 114 bytes nvram
[    2.627285] i2c /dev entries driver
[    2.629767] input: AT Translated Set 2 keyboard as /devices/platform/i8042/serio0/input/input2
[    2.632515] pcie_mp2_amd: AMD(R) PCI-E MP2 Communication Driver Version: 1.0
[    2.632603] device-mapper: uevent: version 1.0.3
[    2.632659] device-mapper: ioctl: 4.37.0-ioctl (2017-09-20) initialised: dm-devel@redhat.com
[    2.737841] ledtrig-cpu: registered to indicate activity on CPUs
[    2.762627] NET: Registered protocol family 10
[    2.768456] Segment Routing with IPv6
[    2.771897] NET: Registered protocol family 17
[    2.774105] Key type dns_resolver registered
[    2.777932] RAS: Correctable Errors collector initialized.
[    2.782573] sched_clock: Marking stable (2782536452, 0)->(8020695427, -5238158975)
[    2.789779] registered taskstats version 1
[    2.794661] Loading compiled-in X.509 certificates
[    2.803729] Loaded X.509 cert 'Build time autogenerated kernel key: 7211859d1298c08a101905a3cb814e8c7b4bf4a4'
[    2.809435] zswap: loaded using pool lzo/zbud
[    2.820374] Key type big_key registered
[    2.824031] Key type trusted registered
[    2.830080] Key type encrypted registered
[    2.832425] AppArmor: AppArmor sha1 policy hashing enabled
[    2.835233] ima: No TPM chip found, activating TPM-bypass! (rc=-19)
[    2.838543] ima: Allocated hash algorithm: sha1
[    2.841893] evm: HMAC attrs: 0x1
[    2.845819]   Magic number: 15:913:948
[    2.892336] tty tty5: hash matches
[    2.932222] memory memory1: hash matches
[    2.959053] rtc_cmos rtc_cmos: setting system clock to 2019-04-15 18:54:44 UTC (1555354484)
[    2.992124] BIOS EDD facility v0.16 2004-Jun-25, 0 devices found
[    3.063708] EDD information not available.
[    3.064075] tsc: Refined TSC clocksource calibration: 1608.570 MHz
[    3.064083] clocksource: tsc: mask: 0xffffffffffffffff max_cycles: 0x172fc4b44c3, max_idle_ns: 440795240628 ns
[    3.190537] Freeing unused kernel memory: 2408K
[    3.232133] Write protecting the kernel read-only data: 20480k
[    3.337541] Freeing unused kernel memory: 2008K
[    3.448871] Freeing unused kernel memory: 1892K
[    3.454275] x86/mm: Checked W+X mappings: passed, no W+X pages found.
[    3.456253] x86/mm: Checking user space page tables
[    3.555523] x86/mm: Checked W+X mappings: passed, no W+X pages found.
Loading, please wait...
starting version 237
[    3.635975] e1000: Intel(R) PRO/1000 Network Driver - version 7.3.21-k8-NAPI
[    3.638216] e1000: Copyright (c) 1999-2006 Intel Corporation.
[    3.645776] Fusion MPT base driver 3.04.20
[    3.647191] Copyright (c) 1999-2008 LSI Corporation
[    3.654590] Fusion MPT SPI Host driver 3.04.20
[    3.658059] AVX2 version of gcm_enc/dec engaged.
[    3.663172] AES CTR mode by8 optimization enabled
[    3.852914] input: ImExPS/2 Generic Explorer Mouse as /devices/platform/i8042/serio1/input/input4
[    4.124630] e1000 0000:00:03.0 eth0: (PCI:33MHz:32-bit) 02:1e:30:9c:a3:c0
[    4.127306] e1000 0000:00:03.0 eth0: Intel(R) PRO/1000 Network Connection
[    4.156031] mptbase: ioc0: Initiating bringup
[    5.088172] ioc0: LSI53C1030 A0: Capabilities={Initiator}
[    8.053601] scsi host2: ioc0: LSI53C1030 A0, FwRev=00000000h, Ports=1, MaxQ=256, IRQ=20
[    8.986958] scsi 2:0:0:0: Direct-Access     VBOX     HARDDISK         1.0  PQ: 0 ANSI: 5
[    9.372675] scsi target2:0:0: Beginning Domain Validation
[    9.435146] scsi target2:0:0: Domain Validation skipping write tests
[    9.449183] scsi target2:0:0: Ending Domain Validation
[    9.450803] scsi target2:0:0: asynchronous
[    9.453112] scsi 2:0:1:0: Direct-Access     VBOX     HARDDISK         1.0  PQ: 0 ANSI: 5
[    9.463381] e1000 0000:00:08.0 eth1: (PCI:33MHz:32-bit) 08:00:27:94:1e:ba
[    9.489730] e1000 0000:00:08.0 eth1: Intel(R) PRO/1000 Network Connection
[    9.493696] e1000 0000:00:08.0 enp0s8: renamed from eth1
[    9.520332] scsi target2:0:1: Beginning Domain Validation
[    9.523515] e1000 0000:00:03.0 enp0s3: renamed from eth0
[    9.527372] random: fast init done
[    9.530713] random: systemd-udevd: uninitialized urandom read (16 bytes read)
[    9.539752] random: systemd-udevd: uninitialized urandom read (16 bytes read)
[    9.540587] random: systemd-udevd: uninitialized urandom read (16 bytes read)
[    9.552711] scsi target2:0:1: Domain Validation skipping write tests
[    9.558389] scsi target2:0:1: Ending Domain Validation
[    9.561660] scsi target2:0:1: asynchronous
[    9.577591] sd 2:0:0:0: Attached scsi generic sg0 type 0
[    9.582492] sd 2:0:1:0: Attached scsi generic sg1 type 0
[    9.588108] sd 2:0:0:0: [sda] 20971520 512-byte logical blocks: (10.7 GB/10.0 GiB)
[    9.594194] sd 2:0:0:0: [sda] Write Protect is off
[    9.596689] sd 2:0:1:0: [sdb] 20480 512-byte logical blocks: (10.5 MB/10.0 MiB)
[    9.601653] sd 2:0:0:0: [sda] Incomplete mode parameter data
[    9.601654] sd 2:0:0:0: [sda] Assuming drive cache: write through
[    9.636601]  sda: sda1
[    9.637423] sd 2:0:0:0: [sda] Attached SCSI disk
[    9.799142] sd 2:0:1:0: [sdb] Write Protect is off
[   10.077293] sd 2:0:1:0: [sdb] Incomplete mode parameter data
[   11.343071] sd 2:0:1:0: [sdb] Assuming drive cache: write through
[   11.386264] sd 2:0:1:0: [sdb] Attached SCSI disk
Begin: Loading essential drivers ... [   13.488377] raid6: sse2x1   gen() 10294 MB/s
[   13.568265] raid6: sse2x1   xor()  7894 MB/s
[   13.660171] raid6: sse2x2   gen() 14656 MB/s
[   13.736581] raid6: sse2x2   xor()  9885 MB/s
[   13.824230] raid6: sse2x4   gen() 14670 MB/s
[   13.888437] raid6: sse2x4   xor()  8966 MB/s
[   13.972099] raid6: avx2x1   gen() 23746 MB/s
[   14.020090] raid6: avx2x1   xor()  9850 MB/s
[   14.068138] raid6: avx2x2   gen()  9670 MB/s
[   14.116255] raid6: avx2x2   xor() 13897 MB/s
[   14.168146] raid6: avx2x4   gen() 27705 MB/s
[   14.240208] raid6: avx2x4   xor() 19598 MB/s
[   14.258680] raid6: using algorithm avx2x4 gen() 27705 MB/s
[   14.306661] raid6: .... xor() 19598 MB/s, rmw enabled
[   14.374227] raid6: using avx2x2 recovery algorithm
[   14.383337] xor: automatically using best checksumming function   avx       
[   14.394558] async_tx: api initialized (async)
done.
Begin: Running /scripts/init-premount ... done.
Begin: Mounting[   14.441884] Btrfs loaded, crc32c=crc32c-intel
 root file system ... Begin: Running /scripts/local-top ... done.
Begin: Running /scripts/local-premount ... Scanning for Btrfs filesystems
done.
Warning: fsck not present, so sk[   14.485387] EXT4-fs (sda1): mounted filesystem with ordered data mode. Opts: (null)
ipping root file system
done.
Begin: Running /scripts/local-bottom ... done.
Begin: Running /scripts/init-bottom ... done.
[   14.687871] ip_tables: (C) 2000-2006 Netfilter Core Team
[   14.699366] systemd[1]: systemd 237 running in system mode. (+PAM +AUDIT +SELINUX +IMA +APPARMOR +SMACK +SYSVINIT +UTMP +LIBCRYPTSETUP +GCRYPT +GNUTLS +ACL +XZ +LZ4 +SECCOMP +BLKID +ELFUTILS +KMOD -IDN2 +IDN -PCRE2 default-hierarchy=hybrid)
[   14.717105] systemd[1]: Detected virtualization oracle.
[   14.719013] systemd[1]: Detected architecture x86-64.

Welcome to [1mUbuntu 18.04.2 LTS[0m!

[   14.762296] systemd[1]: Set hostname to <ubuntu-bionic>.
[   15.242087] systemd[1]: Reached target Swap.
[[0;32m  OK  [0m] Reached target Swap.
[   15.247009] systemd[1]: Created slice System Slice.
[[0;32m  OK  [0m] Created slice System Slice.
[   15.400320] systemd[1]: Listening on Journal Socket.
[[0;32m  OK  [0m] Listening on Journal Socket.
[   16.410622] systemd[1]: Starting Remount Root and Kernel File Systems...
         Starting Remount Root and Kernel File Systems...
[   16.426262] systemd[1]: Listening on Syslog Socket.
[[0;32m  OK  [0m] Listening on [   16.450304] EXT4-fs (sda1): re-mounted. Opts: (null)
Syslog Socket.
[   16.917124] systemd[1]: Listening on LVM2 poll daemon socket.
[[0;32m  OK  [0m] Listening on LVM2 poll daemon socket.
         Mounting Huge Pages File System...
[[0;32m  OK  [0m] Listening on LVM2 metadata daemon socket.
[[0;32m  OK  [0m] Listening on Device-mapper event daemon FIFOs.
         Starting Monitoring of LVM2 mirrors…ng dmeventd or progress polling...
         Starting Uncomplicated firewall...
         Starting Create list of required st…ce nodes for the current kernel...
[[0;32m  OK  [0m] Listening on /dev/initctl Compatibility Named Pipe.
         Starting Load Kernel Modules...[   17.224986] Loading iSCSI transport class v2.0-870.

[[0;32m  OK  [0m] Listening on Journal Socket (/dev/log).
[[0;32m  OK  [0m] Listening on udev Kernel Socket.
[[0;32m  OK  [0m] Listening on Journal Audit Socket.
[[0;32m  OK  [0[   17.297501] iscsi: registered transport (tcp)
m] Listening on udev Control Socket.
[[0;32m  OK  [0m] Reached targe[   17.351252] iscsi: registered transport (iser)
t System Time Synchronized.
         Mounting Kernel Debug File System...
         Starting udev Coldplug all Devices...
[[0;32m  OK  [0m] Set up automount Arbitrary Executab…rmats File System Automount Point.
         Mounting POSIX Message Queue File System...
[[0;32m  OK  [0m] Created slice User and Session Slice.
[[0;32m  OK  [0m] Reached target Slices.
[[0;32m  OK  [0m] Reached target User and Group Name Lookups.
[[0;32m  OK  [0m] Started Forward Password Requests to Wall Directory Watch.
[[0;32m  OK  [0m] Listening on Network Service Netlink Socket.
         Starting Set the console keyboard layout...
[[0;32m  OK  [0m] Created slice system-serial\x2dgetty.slice.
         Starting Journal Service...
[[0;32m  OK  [0m] [   17.446371] random: crng init done
[   17.452761] random: 7 urandom warning(s) missed due to ratelimiting
Started Remount Root and Kernel File Systems.
[[0;32m  OK  [0m] Mounted Huge Pages File System.
[[0;32m  OK  [0m] Started Uncomplicated firewall.
[[0;32m  OK  [0m] Started Create list of required sta…vice nodes for the current kernel.
[[0;32m  OK  [0m] Started Journal Service.
[[0;32m  OK  [0m] Started Load Kernel Modules.
[[0;32m  OK  [0m] Mounted Kernel Debug File System.
[[0;32m  OK  [0m] Mounted POSIX Message Queue File System.
[[0;32m  OK  [0m] Started LVM2 metadata daemon.
         Mounting FUSE Control File System...
         Starting Apply Kernel Variables...
         Mounting Kernel Configuration File System...
         Starting Create Static Device Nodes in /dev...
         Starting Flush Journal to Persistent Storage...
         Starting Initial cloud-init job (pre-networking)...
         Starting Load/Save Random Seed...
[[0;32m  OK  [0m] Started Monitoring of LVM2 mirrors,…sing dmeventd or progress polling.
[[0;32m  OK  [0m] Started Set the console keyboard layout.
[[0;32m  OK  [0m] Started udev Coldplug all Devices.
[[0;32m  OK  [0m] Mounted FUSE Control File System.
[[0;32m  OK  [0m] Started Apply Kernel Variables.
[[0;32m  OK  [0m] Mounted Kernel Configuration File System.
[[0;32m  OK  [0m] Started Create Static Device Nodes in /dev.
[[0;32m  OK  [0m] Started Load/Save Random Seed.
         Starting udev Kernel Device Manager...
[[0;32m  OK  [0m] Reached target Local File Systems (Pre).
[[0;32m  OK  [0m] Reached target Local File Systems.
         Starting Set console font and keymap...
         Starting AppArmor initialization...
         Starting Tell Plymouth To Write Out Runtime Data...
         Starting ebtables ruleset management...
[[0;32m  OK  [0m] Started udev Kernel Device Manager.
[[0;32m  OK  [0m] Started Dispatch Password Requests to Console Directory Watch.
[[0;32m  OK  [0m] Reached target Local Encrypted Volumes.
[[0;32m  OK  [0m] Started Set console font and keymap.
[[0;32m  OK  [0m] Started Tell Plymouth To Write Out Runtime Data.
[[0;32m  OK  [0m] Found device /dev/ttyS0.
[[0;32m  OK  [0m] Started Flush Journal to Persistent Storage.
         Starting Create Volatile Files and Directories...
[[0;32m  OK  [0m] Started ebtables ruleset management.
[[0;32m  OK  [0m] Started Create Volatile Files and Directories.
         Starting Update UTMP about System Boot/Shutdown...
[[0;32m  OK  [0m] Started Update UTMP about System Boot/Shutdown.
[[0;32m  OK  [0m] Listening on Load/Save RF Kill Switch Status /dev/rfkill Watch.
[[0;32m  OK  [0m] Started AppArmor initialization.
[   19.373376] cloud-init[433]: Cloud-init v. 18.5-45-g3554ffe8-0ubuntu1~18.04.1 running 'init-local' at Mon, 15 Apr 2019 18:55:00 +0000. Up 19.17 seconds.
[[0;32m  OK  [0m] Started Initial cloud-init job (pre-networking).
[[0;32m  OK  [0m] Reached target Network (Pre).
         Starting Network Service...
[[0;32m  OK  [0m] Started Network Service.
         Starting Wait for Network to be Configured...
         Starting Network Name Resolution...
[[0;32m  OK  [0m] Started Network Name Resolution.
[[0;32m  OK  [0m] Reached target Network.
[[0;32m  OK  [0m] Reached target Host and Network Name Lookups.
[[0;32m  OK  [0m] Started Wait for Network to be Configured.
         Starting Initial cloud-init job (metadata service crawler)...
[   21.778548] cloud-init[659]: Cloud-init v. 18.5-45-g3554ffe8-0ubuntu1~18.04.1 running 'init' at Mon, 15 Apr 2019 18:55:03 +0000. Up 21.51 seconds.
[   21.788163] cloud-init[659]: ci-info: ++++++++++++++++++++++++++++++++++++++Net device info+++++++++++++++++++++++++++++++++++++++
[   21.810016] cloud-init[659]: ci-info: +--------+------+-----------------------------+---------------+--------+-------------------+
[   21.827915] cloud-init[659]: ci-info: | Device |  Up  |           Address           |      Mask     | Scope  |     Hw-Address    |
[   21.845951] cloud-init[659]: ci-info: +--------+------+-----------------------------+---------------+--------+-------------------+
[   21.858961] cloud-init[659]: ci-info: | enp0s3 | True |          10.0.2.15          | 255.255.255.0 | global | 02:1e:30:9c:a3:c0 |
[   21.936504] cloud-init[659]: ci-info: | enp0s3 | True |  fe80::1e:30ff:fe9c:a3c0/64 |       .       |  link  | 02:1e:30:9c:a3:c0 |
[   21.964358] cloud-init[659]: ci-info: | enp0s8 | True |        192.168.33.10        | 255.255.255.0 | global | 08:00:27:94:1e:ba |
[   22.004410] cloud-init[659]: ci-info: | enp0s8 | True | fe80::a00:27ff:fe94:1eba/64 |       .       |  link  | 08:00:27:94:1e:ba |
[   22.032973] cloud-init[659]: ci-info: |   lo   | True |          127.0.0.1          |   255.0.0.0   |  host  |         .         |
[   22.051220] cloud-init[659]: ci-info: |   lo   | True |           ::1/128           |       .       |  host  |         .         |
[   22.060129] cloud-init[659]: ci-info: +--------+------+-----------------------------+---------------+--------+-------------------+
[   22.082059] cloud-init[659]: ci-info: +++++++++++++++++++++++++++++Route IPv4 info+++++++++++++++++++++++++++++
[   22.096428] cloud-init[659]: ci-info: +-------+--------------+----------+-----------------+-----------+-------+
[   22.102611] cloud-init[659]: ci-info: | Route | Destination  | Gateway  |     Genmask     | Interface | Flags |
[   22.109497] cloud-init[659]: ci-info: +-------+--------------+----------+-----------------+-----------+-------+
[   22.133077] cloud-init[659]: ci-info: |   0   |   0.0.0.0    | 10.0.2.2 |     0.0.0.0     |   enp0s3  |   UG  |
[   22.157521] cloud-init[659]: ci-info: |   1   |   10.0.2.0   | 0.0.0.0  |  255.255.255.0  |   enp0s3  |   U   |
[[0;32m  OK  [0m] Started Initial cloud-init job (metadata service crawler).
[   22.197254] [[0;32m  OK  [0m] Reached target Cloud-config availability.
[[0;32m  OK  [0m] Reached target Network is Online.
[[0;32m  OK  [0m] Reached target Remote File Systems (Pre).
[[0;32m  OK  [0m] Reached target Remote File Systems.
         Starting Availability of block devices...
[[0;32m  OK  [0m] Reached target System Initialization.
[[0;32m  OK  [0m] Listening on D-Bus System Message Bus Socket.
[[0;32m  OK  [0m] Listening on UUID daemon activation socket.
[[0;32m  OK  [0m] Listening on Open-iSCSI iscsid Socket.
cloud-init[[0;32m  OK  [0m] Started ACPI Events Check.
[[0;32m  OK  [0m] Started Daily Cleanup of Temporary Directories.
         Starting Socket activation for snappy daemon.
[659]: [[0;32m  OK  [0m] Started Daily apt download activities.
[[0;32m  OK  [0m] Started Daily apt upgrade and clean activities.
[[0;32m  OK  [0m] Listening on ACPID Listen Socket.
[[0;32m  OK  [0m] Reached target Paths.
ci-info: |   2   |   10.0.2.2   | 0.0.0.0  | 255.255.255.255 |   enp0s3  |   UH  |
         Starting LXD - unix socket.
[[0;32m  OK  [0m] Started Message of the Day.
[[0;32m  OK  [0m] Started Discard unused blocks once a week.
[[0;32m  OK  [0m] Reached target Timers.
[   22.373160] cloud-init[[0;32m  OK  [0m] Started Availability of block devices.
[[0;32m  OK  [0m] Listening on Socket activation for snappy daemon.
[[0;32m  OK  [0m] Listening on LXD - unix socket.
[[0;32m  OK  [0m] Reached target Sockets.
[[0;32m  OK  [0m] Reached target Basic System.
[659]: ci-info: |   3   | 192.168.33.0 | 0.0.0.0  |  255.255.255.0  |   enp0s8  |   U   |
[[0;32m  OK  [0m] Started irqbalance daemon.
[   22.429151] cloud-init[659]: ci-info: +-------+--------------+----------+-----------------+-----------+-------+
[[0;32m  OK  [0m] Started Regular background program processing daemon.
         Starting Accounts Service...
         Starting Login Service...
[[0;32m  OK  [0m] Started D-Bus System Message Bus.
[   22.459548] cloud-init[659]: ci-info: +++++++++++++++++++Route IPv6 info+++++++++++++++++++
[   22.485995] cloud-init[659]: ci-info: +-------+-------------+---------+-----------+-------+
[   22.494167] cloud-init[659]: ci-info: | Route | Destination | Gateway | Interface | Flags |
[   22.500866] cloud-init[659]: ci-info: +-------+-------------+---------+-----------+-------+
[   22.508554] cloud-init[659]: ci-info: |   1   |  fe80::/64  |    ::   |   enp0s8  |   U   |
[   22.515045] cloud-init[659]: ci-info: |   2   |  fe80::/64  |    ::   |   enp0s3  |   U   |
[   22.527245] cloud-init[659]: ci-info: |   4   |    local    |    ::   |   enp0s3  |   U   |
[   22.533722] cloud-init[659]: ci-info: |   5   |    local    |    ::   |   enp0s8  |   U   |
[   22.541776] cloud-init[659]: ci-info: |   6   |   ff00::/8  |    ::   |   enp0s8  |   U   |
[   22.552472] cloud-init[659]: ci-info: |   7   |   ff00::/8  |    ::   |   enp0s3  |   U   |
[   22.560344] cloud-init[659]: ci-info: +-------+-------------+---------+-----------+-------+
         Starting Dispatcher daemon for systemd-networkd...
         Starting LXD - container startup/shutdown...
[[0;32m  OK  [0m] Started Deferred execution scheduler.
         Starting OpenBSD Secure Shell server...
         Starting Virtualbox guest utils...
         Starting Permit User Sessions...
         Starting LSB: automatic crash report generation...
         Starting System Logging Service...
         Starting LSB: Record successful boot for GRUB...
[[0;32m  OK  [0m] Started FUSE filesystem for LXC.
         Starting Snappy daemon...
[[0;32m  OK  [0m] Started System Logging Service.
[[0;32m  OK  [0m] Started LXD - container startup/shutdown.
[[0;32m  OK  [0m] Started Permit User Sessions.
[[0;32m  OK  [0m] Started Login Service.
[[0;32m  OK  [0m] Started OpenBSD Secure Shell server.
         Starting Authorization Manager...
[[0;32m  OK  [0m] Started Unattended Upgrades Shutdown.
         Starting Terminate Plymouth Boot Screen...
         Starting Hold until boot process finishes up...
[[0;32m  OK  [0m] Started Hold until boot process finishes up.
[[0;32m  OK  [0m] Started Terminate Plymouth Boot Screen.
         Starting Set console scheme...
[[0;32m  OK  [0m] Started Serial Getty on ttyS0.
[[0;32m  OK  [0m] Started Set console scheme.
[[0;32m  OK  [0m] Created slice system-getty.slice.
[[0;32m  OK  [0m] Started Getty on tty1.
[[0;32m  OK  [0m] Reached target Login Prompts.
[[0;32m  OK  [0m] Started Authorization Manager.
[[0;32m  OK  [0m] Started Accounts Service.
[[0;32m  OK  [0m] Started LSB: Record successful boot for GRUB.
[[0;32m  OK  [0m] Started LSB: automatic crash report generation.
[[0;32m  OK  [0m] Created slice User Slice of vagrant.
[[0;32m  OK  [0m] Started Dispatcher daemon for systemd-networkd.
[[0;32m  OK  [0m] Started Virtualbox guest utils.
[[0;32m  OK  [0m] Started Session 1 of user vagrant.
         Starting User Manager for UID 1000...
[[0;32m  OK  [0m] Started Snappy daemon.
         Starting Wait until snapd is fully seeded...
[[0;32m  OK  [0m] Started User Manager for UID 1000.
[[0;32m  OK  [0m] Started Wait until snapd is fully seeded.
         Starting Apply the settings specified in cloud-config...
[[0;32m  OK  [0m] Reached target Multi-User System.
[[0;32m  OK  [0m] Reached target Graphical Interface.
         Starting Update UTMP about System Runlevel Changes...
[[0;32m  OK  [0m] Started Update UTMP about System Runlevel Changes.
[   24.511510] cloud-init[1042]: Cloud-init v. 18.5-45-g3554ffe8-0ubuntu1~18.04.1 running 'modules:config' at Mon, 15 Apr 2019 18:55:05 +0000. Up 24.37 seconds.
[[0;32m  OK  [0m] Started Apply the settings specified in cloud-config.
         Starting Execute cloud user/final scripts...
[   25.240462] cloud-init[1107]: Cloud-init v. 18.5-45-g3554ffe8-0ubuntu1~18.04.1 running 'modules:final' at Mon, 15 Apr 2019 18:55:06 +0000. Up 25.07 seconds.
[[0;32m  OK  [0m] Started Execute cloud user/final scripts.
[   25.356012] cloud-init[1107]: Cloud-init v. 18.5-45-g3554ffe8-0ubuntu1~18.04.1 finished at Mon, 15 Apr 2019 18:55:06 +0000. Datasource DataSourceNoCloud [seed=/dev/sdb][dsmode=net].  Up 25.23 seconds
[[0;32m  OK  [0m] Reached target Cloud-init target.

Ubuntu 18.04.2 LTS ubuntu-bionic ttyS0

ubuntu-bionic login: [[0;32m  OK  [0m] Closed Load/Save RF Kill Switch Status /dev/rfkill Watch.
[[0;32m  OK  [0m] Stopped target Host and Network Name Lookups.
         Stopping Session 35 of user vagrant.
         Stopping Authorization Manager...
[[0;32m  OK  [0m] Stopped target Graphical Interface.
         Stopping Acco [[0;32m  OK  [0m] Unmounted /var/lib/lxcfs.
[[0;32m  OK  [0m] Stopped irqbalance daemon.
[[0;32m  OK  [0m] Stopped Regular background program processing daemon.
[[0;32m  OK  [0m] Stopped Accounts Service.
[[0;32m  OK  [0m] Stopped Dispatcher daemon for systemd-networkd.
[[0;32m  OK  [0m] Stopped Deferred execution scheduler.
[[0;32m  OK  [0m] Stopped System Logging Service.
[[0;32m  OK  [0m] Stopped OpenBSD Secure Shell server.
[[0;32m  OK  [0m] Stopped Authorization Manager.
[[0;32m  OK  [0m] Stopped Unattended Upgrades Shutdown.
[[0;32m  OK  [0m] Stopped Serial Getty on ttyS0.
[[0;32m  OK  [0m] Stopped Getty on tty1.
[[0;32m  OK  [0m] Stopped User Manager for UID 1000.
[[0;32m  OK  [0m] Stopped Availability of block devices.
[[0;32m  OK  [0m] Stopped D-Bus System Message Bus.
[[0;32m  OK  [0m] Stopped FUSE filesystem for LXC.
[[0;32m  OK  [0m] Stopped Session 35 of user vagrant.
[[0;32m  OK  [0m] Stopped LXD - container startup/shutdown.
[[0;32m  OK  [0m] Stopped LSB: Record successful boot for GRUB.
[[0;32m  OK  [0m] Removed slice User Slice of vagrant.
[[0;32m  OK  [0m] Removed slice system-getty.slice.
[[0;32m  OK  [0m] Removed slice system-serial\x2dgetty.slice.
         Stopping Permit User Sessions...
         Stopping Login Service...
[[0;32m  OK  [0m] Stopped Permit User Sessions.
[[0;32m  OK  [0m] Stopped target Network.
         Stopping Network Name Resolution...
[[0;32m  OK  [0m] Stopped LSB: automatic crash report generation.
[[0;32m  OK  [0m] Stopped target Remote File Systems.
[[0;32m  OK  [0m] Stopped target Remote File Systems (Pre).
[[0;32m  OK  [0m] Stopped Network Name Resolution.
[[0;32m  OK  [0m] Stopped Virtualbox guest utils.
         Stopping Network Service...
[[0;32m  OK  [0m] Stopped Login Service.
[[0;32m  OK  [0m] Stopped target User and Group Name Lookups.
[[0;32m  OK  [0m] Stopped target Basic System.
[[0;32m  OK  [0m] Stopped target Slices.
[[0;32m  OK  [0m] Stopped target Paths.
[[0;32m  OK  [0m] Stopped ACPI Events Check.
[[0;32m  OK  [0m] Stopped target Sockets.
[[0;32m  OK  [0m] Closed LXD - unix socket.
[[0;32m  OK  [0m] Closed UUID daemon activation socket.
[[0;32m  OK  [0m] Closed Syslog Socket.
[[0;32m  OK  [0m] Closed ACPID Listen Socket.
[[0;32m  OK  [0m] Closed Open-iSCSI iscsid Socket.
[[0;32m  OK  [0m] Closed Socket activation for snappy daemon.
[[0;32m  OK  [0m] Closed D-Bus System Message Bus Socket.
[[0;32m  OK  [0m] Stopped target System Initialization.
         Stopping Update UTMP about System Boot/Shutdown...
         Stopping Load/Save Random Seed...
[[0;32m  OK  [0m] Stopped target Local Encrypted Volumes.
[[0;32m  OK  [0m] Stopped Forward Password Requests to Wall Directory Watch.
[[0;32m  OK  [0m] Stopped Dispatch Password Requests to Console Directory Watch.
[[0;32m  OK  [0m] Stopped Initial cloud-init job (metadata service crawler).
[[0;32m  OK  [0m] Removed slice User and Session Slice.
[[0;32m  OK  [0m] Stopped Network Service.
[[0;32m  OK  [0m] Stopped Load/Save Random Seed.
[[0;32m  OK  [0m] Stopped Apply Kernel Variables.
[[0;32m  OK  [0m] Stopped Load Kernel Modules.
[[0;32m  OK  [0m] Stopped target Network (Pre).
[[0;32m  OK  [0m] Stopped Initial cloud-init job (pre-networking).
[[0;32m  OK  [0m] Stopped Update UTMP about System Boot/Shutdown.
[[0;32m  OK  [0m] Stopped Create Volatile Files and Directories.
[[0;32m  OK  [0m] Stopped target Local File Systems.
         Unmounting /vagrant...
         Unmounting /run/user/1000...
[[0;32m  OK  [0m] Unmounted /run/user/1000.
[[0;32m  OK  [0m] Stopped target Swap.
[[0;32m  OK  [0m] Unmounted /vagrant.
[[0;32m  OK  [0m] Reached target Unmount All Filesystems.
[[0;32m  OK  [0m] Stopped target Local File Systems (Pre).
[[0;32m  OK  [0m] Stopped Remount Root and Kernel File Systems.
[[0;32m  OK  [0m] Stopped Create Static Device Nodes in /dev.
[[0;32m  OK  [0m] Reached target Shutdown.
[[0;32m  OK  [0m] Reached target Final Step.
         Starting Power-Off...
         Stopping Monitoring of LVM2 mirrors…ng dmeventd or progress polling...
[38303.759893] reboot: Power down
